{"/Users/denniskiplangat/Documents/law-firm-website/ogettootachi-supabase-backend/src/api/appointment.controller.js": {"path":"/Users/denniskiplangat/Documents/law-firm-website/ogettootachi-supabase-backend/src/api/appointment.controller.js","statementMap":{"0":{"start":{"line":1,"column":27},"end":{"line":1,"column":69}},"1":{"start":{"line":8,"column":0},"end":{"line":25,"column":2}},"2":{"start":{"line":9,"column":2},"end":{"line":24,"column":3}},"3":{"start":{"line":10,"column":28},"end":{"line":10,"column":36}},"4":{"start":{"line":11,"column":24},"end":{"line":11,"column":83}},"5":{"start":{"line":13,"column":4},"end":{"line":16,"column":7}},"6":{"start":{"line":18,"column":4},"end":{"line":18,"column":56}},"7":{"start":{"line":20,"column":4},"end":{"line":23,"column":7}},"8":{"start":{"line":32,"column":0},"end":{"line":55,"column":2}},"9":{"start":{"line":33,"column":2},"end":{"line":54,"column":3}},"10":{"start":{"line":34,"column":20},"end":{"line":38,"column":5}},"11":{"start":{"line":40,"column":25},"end":{"line":40,"column":77}},"12":{"start":{"line":42,"column":4},"end":{"line":46,"column":7}},"13":{"start":{"line":48,"column":4},"end":{"line":48,"column":56}},"14":{"start":{"line":50,"column":4},"end":{"line":53,"column":7}},"15":{"start":{"line":62,"column":0},"end":{"line":85,"column":2}},"16":{"start":{"line":63,"column":2},"end":{"line":84,"column":3}},"17":{"start":{"line":64,"column":24},"end":{"line":64,"column":82}},"18":{"start":{"line":66,"column":4},"end":{"line":71,"column":5}},"19":{"start":{"line":67,"column":6},"end":{"line":70,"column":9}},"20":{"start":{"line":73,"column":4},"end":{"line":76,"column":7}},"21":{"start":{"line":78,"column":4},"end":{"line":78,"column":55}},"22":{"start":{"line":80,"column":4},"end":{"line":83,"column":7}},"23":{"start":{"line":92,"column":0},"end":{"line":120,"column":2}},"24":{"start":{"line":93,"column":2},"end":{"line":119,"column":3}},"25":{"start":{"line":94,"column":23},"end":{"line":94,"column":31}},"26":{"start":{"line":96,"column":4},"end":{"line":101,"column":5}},"27":{"start":{"line":97,"column":6},"end":{"line":100,"column":9}},"28":{"start":{"line":103,"column":24},"end":{"line":106,"column":5}},"29":{"start":{"line":108,"column":4},"end":{"line":111,"column":7}},"30":{"start":{"line":113,"column":4},"end":{"line":113,"column":63}},"31":{"start":{"line":115,"column":4},"end":{"line":118,"column":7}},"32":{"start":{"line":127,"column":0},"end":{"line":148,"column":2}},"33":{"start":{"line":128,"column":2},"end":{"line":147,"column":3}},"34":{"start":{"line":129,"column":23},"end":{"line":129,"column":31}},"35":{"start":{"line":131,"column":24},"end":{"line":134,"column":5}},"36":{"start":{"line":136,"column":4},"end":{"line":139,"column":7}},"37":{"start":{"line":141,"column":4},"end":{"line":141,"column":56}},"38":{"start":{"line":143,"column":4},"end":{"line":146,"column":7}},"39":{"start":{"line":155,"column":0},"end":{"line":172,"column":2}},"40":{"start":{"line":156,"column":2},"end":{"line":171,"column":3}},"41":{"start":{"line":157,"column":4},"end":{"line":157,"column":62}},"42":{"start":{"line":159,"column":4},"end":{"line":163,"column":7}},"43":{"start":{"line":165,"column":4},"end":{"line":165,"column":56}},"44":{"start":{"line":167,"column":4},"end":{"line":170,"column":7}}},"fnMap":{"0":{"name":"(anonymous_0)","decl":{"start":{"line":8,"column":28},"end":{"line":8,"column":29}},"loc":{"start":{"line":8,"column":48},"end":{"line":25,"column":1}},"line":8},"1":{"name":"(anonymous_1)","decl":{"start":{"line":32,"column":29},"end":{"line":32,"column":30}},"loc":{"start":{"line":32,"column":49},"end":{"line":55,"column":1}},"line":32},"2":{"name":"(anonymous_2)","decl":{"start":{"line":62,"column":29},"end":{"line":62,"column":30}},"loc":{"start":{"line":62,"column":49},"end":{"line":85,"column":1}},"line":62},"3":{"name":"(anonymous_3)","decl":{"start":{"line":92,"column":34},"end":{"line":92,"column":35}},"loc":{"start":{"line":92,"column":54},"end":{"line":120,"column":1}},"line":92},"4":{"name":"(anonymous_4)","decl":{"start":{"line":127,"column":28},"end":{"line":127,"column":29}},"loc":{"start":{"line":127,"column":48},"end":{"line":148,"column":1}},"line":127},"5":{"name":"(anonymous_5)","decl":{"start":{"line":155,"column":28},"end":{"line":155,"column":29}},"loc":{"start":{"line":155,"column":48},"end":{"line":172,"column":1}},"line":155}},"branchMap":{"0":{"loc":{"start":{"line":22,"column":13},"end":{"line":22,"column":60}},"type":"binary-expr","locations":[{"start":{"line":22,"column":13},"end":{"line":22,"column":26}},{"start":{"line":22,"column":30},"end":{"line":22,"column":60}}],"line":22},"1":{"loc":{"start":{"line":66,"column":4},"end":{"line":71,"column":5}},"type":"if","locations":[{"start":{"line":66,"column":4},"end":{"line":71,"column":5}},{"start":{},"end":{}}],"line":66},"2":{"loc":{"start":{"line":96,"column":4},"end":{"line":101,"column":5}},"type":"if","locations":[{"start":{"line":96,"column":4},"end":{"line":101,"column":5}},{"start":{},"end":{}}],"line":96},"3":{"loc":{"start":{"line":117,"column":13},"end":{"line":117,"column":67}},"type":"binary-expr","locations":[{"start":{"line":117,"column":13},"end":{"line":117,"column":26}},{"start":{"line":117,"column":30},"end":{"line":117,"column":67}}],"line":117},"4":{"loc":{"start":{"line":145,"column":13},"end":{"line":145,"column":60}},"type":"binary-expr","locations":[{"start":{"line":145,"column":13},"end":{"line":145,"column":26}},{"start":{"line":145,"column":30},"end":{"line":145,"column":60}}],"line":145}},"s":{"0":1,"1":1,"2":2,"3":2,"4":2,"5":1,"6":1,"7":1,"8":1,"9":3,"10":3,"11":3,"12":2,"13":1,"14":1,"15":1,"16":2,"17":2,"18":2,"19":1,"20":1,"21":0,"22":0,"23":1,"24":2,"25":2,"26":2,"27":1,"28":1,"29":1,"30":0,"31":0,"32":1,"33":0,"34":0,"35":0,"36":0,"37":0,"38":0,"39":1,"40":1,"41":1,"42":1,"43":0,"44":0},"f":{"0":2,"1":3,"2":2,"3":2,"4":0,"5":1},"b":{"0":[1,0],"1":[1,1],"2":[1,1],"3":[0,0],"4":[0,0]},"_coverageSchema":"1a1c01bbd47fc00a2c39e90264f33305004495a9","hash":"ceb625bbbcf3bcba27b42f07bf16bfe5daf060c0"}
,"/Users/denniskiplangat/Documents/law-firm-website/ogettootachi-supabase-backend/src/api/appointment.routes.js": {"path":"/Users/denniskiplangat/Documents/law-firm-website/ogettootachi-supabase-backend/src/api/appointment.routes.js","statementMap":{"0":{"start":{"line":1,"column":16},"end":{"line":1,"column":34}},"1":{"start":{"line":2,"column":15},"end":{"line":2,"column":31}},"2":{"start":{"line":3,"column":30},"end":{"line":3,"column":65}},"3":{"start":{"line":4,"column":27},"end":{"line":4,"column":56}},"4":{"start":{"line":7,"column":0},"end":{"line":7,"column":58}},"5":{"start":{"line":10,"column":0},"end":{"line":10,"column":74}},"6":{"start":{"line":11,"column":0},"end":{"line":11,"column":77}},"7":{"start":{"line":12,"column":0},"end":{"line":12,"column":89}},"8":{"start":{"line":13,"column":0},"end":{"line":13,"column":76}},"9":{"start":{"line":14,"column":0},"end":{"line":14,"column":79}},"10":{"start":{"line":16,"column":0},"end":{"line":16,"column":24}}},"fnMap":{},"branchMap":{},"s":{"0":0,"1":0,"2":0,"3":0,"4":0,"5":0,"6":0,"7":0,"8":0,"9":0,"10":0},"f":{},"b":{}}
,"/Users/denniskiplangat/Documents/law-firm-website/ogettootachi-supabase-backend/src/config/config.js": {"path":"/Users/denniskiplangat/Documents/law-firm-website/ogettootachi-supabase-backend/src/config/config.js","statementMap":{"0":{"start":{"line":1,"column":0},"end":{"line":1,"column":27}},"1":{"start":{"line":3,"column":12},"end":{"line":3,"column":49}},"2":{"start":{"line":5,"column":19},"end":{"line":19,"column":1}},"3":{"start":{"line":21,"column":18},"end":{"line":43,"column":1}},"4":{"start":{"line":46,"column":23},"end":{"line":50,"column":1}},"5":{"start":{"line":52,"column":0},"end":{"line":56,"column":3}},"6":{"start":{"line":53,"column":2},"end":{"line":55,"column":3}},"7":{"start":{"line":54,"column":4},"end":{"line":54,"column":63}},"8":{"start":{"line":58,"column":0},"end":{"line":61,"column":2}}},"fnMap":{"0":{"name":"(anonymous_0)","decl":{"start":{"line":52,"column":23},"end":{"line":52,"column":24}},"loc":{"start":{"line":52,"column":32},"end":{"line":56,"column":1}},"line":52}},"branchMap":{"0":{"loc":{"start":{"line":3,"column":12},"end":{"line":3,"column":49}},"type":"binary-expr","locations":[{"start":{"line":3,"column":12},"end":{"line":3,"column":32}},{"start":{"line":3,"column":36},"end":{"line":3,"column":49}}],"line":3},"1":{"loc":{"start":{"line":9,"column":8},"end":{"line":9,"column":32}},"type":"binary-expr","locations":[{"start":{"line":9,"column":8},"end":{"line":9,"column":24}},{"start":{"line":9,"column":28},"end":{"line":9,"column":32}}],"line":9},"2":{"loc":{"start":{"line":11,"column":12},"end":{"line":11,"column":47}},"type":"binary-expr","locations":[{"start":{"line":11,"column":12},"end":{"line":11,"column":34}},{"start":{"line":11,"column":38},"end":{"line":11,"column":47}}],"line":11},"3":{"loc":{"start":{"line":14,"column":12},"end":{"line":14,"column":42}},"type":"binary-expr","locations":[{"start":{"line":14,"column":12},"end":{"line":14,"column":35}},{"start":{"line":14,"column":39},"end":{"line":14,"column":42}}],"line":14},"4":{"loc":{"start":{"line":17,"column":11},"end":{"line":17,"column":42}},"type":"binary-expr","locations":[{"start":{"line":17,"column":11},"end":{"line":17,"column":32}},{"start":{"line":17,"column":36},"end":{"line":17,"column":42}}],"line":17},"5":{"loc":{"start":{"line":31,"column":11},"end":{"line":31,"column":68}},"type":"binary-expr","locations":[{"start":{"line":31,"column":11},"end":{"line":31,"column":40}},{"start":{"line":31,"column":44},"end":{"line":31,"column":68}}],"line":31},"6":{"loc":{"start":{"line":32,"column":15},"end":{"line":32,"column":82}},"type":"binary-expr","locations":[{"start":{"line":32,"column":15},"end":{"line":32,"column":49}},{"start":{"line":32,"column":53},"end":{"line":32,"column":82}}],"line":32},"7":{"loc":{"start":{"line":33,"column":22},"end":{"line":33,"column":105}},"type":"binary-expr","locations":[{"start":{"line":33,"column":22},"end":{"line":33,"column":64}},{"start":{"line":33,"column":68},"end":{"line":33,"column":105}}],"line":33},"8":{"loc":{"start":{"line":53,"column":2},"end":{"line":55,"column":3}},"type":"if","locations":[{"start":{"line":53,"column":2},"end":{"line":55,"column":3}},{"start":{},"end":{}}],"line":53},"9":{"loc":{"start":{"line":53,"column":6},"end":{"line":53,"column":41}},"type":"binary-expr","locations":[{"start":{"line":53,"column":6},"end":{"line":53,"column":23}},{"start":{"line":53,"column":27},"end":{"line":53,"column":41}}],"line":53}},"s":{"0":4,"1":4,"2":4,"3":4,"4":4,"5":4,"6":12,"7":0,"8":4},"f":{"0":12},"b":{"0":[4,0],"1":[4,0],"2":[4,0],"3":[4,0],"4":[4,0],"5":[4,4],"6":[4,4],"7":[4,4],"8":[0,12],"9":[12,0]},"_coverageSchema":"1a1c01bbd47fc00a2c39e90264f33305004495a9","hash":"3064018af21e8445f1892619688035dae07374c2"}
,"/Users/denniskiplangat/Documents/law-firm-website/ogettootachi-supabase-backend/src/models/appointment.model.js": {"path":"/Users/denniskiplangat/Documents/law-firm-website/ogettootachi-supabase-backend/src/models/appointment.model.js","statementMap":{"0":{"start":{"line":1,"column":17},"end":{"line":1,"column":45}},"1":{"start":{"line":10,"column":4},"end":{"line":30,"column":5}},"2":{"start":{"line":12,"column":27},"end":{"line":15,"column":7}},"3":{"start":{"line":17,"column":30},"end":{"line":21,"column":17}},"4":{"start":{"line":23,"column":6},"end":{"line":23,"column":29}},"5":{"start":{"line":23,"column":17},"end":{"line":23,"column":29}},"6":{"start":{"line":24,"column":6},"end":{"line":24,"column":88}},"7":{"start":{"line":24,"column":38},"end":{"line":24,"column":88}},"8":{"start":{"line":26,"column":6},"end":{"line":26,"column":21}},"9":{"start":{"line":28,"column":6},"end":{"line":28,"column":58}},"10":{"start":{"line":29,"column":6},"end":{"line":29,"column":54}},"11":{"start":{"line":39,"column":4},"end":{"line":54,"column":5}},"12":{"start":{"line":40,"column":30},"end":{"line":45,"column":17}},"13":{"start":{"line":47,"column":6},"end":{"line":47,"column":29}},"14":{"start":{"line":47,"column":17},"end":{"line":47,"column":29}},"15":{"start":{"line":48,"column":6},"end":{"line":48,"column":58}},"16":{"start":{"line":48,"column":17},"end":{"line":48,"column":58}},"17":{"start":{"line":50,"column":6},"end":{"line":50,"column":18}},"18":{"start":{"line":52,"column":6},"end":{"line":52,"column":71}},"19":{"start":{"line":53,"column":6},"end":{"line":53,"column":51}},"20":{"start":{"line":62,"column":4},"end":{"line":76,"column":5}},"21":{"start":{"line":63,"column":30},"end":{"line":67,"column":53}},"22":{"start":{"line":69,"column":6},"end":{"line":69,"column":29}},"23":{"start":{"line":69,"column":17},"end":{"line":69,"column":29}},"24":{"start":{"line":70,"column":6},"end":{"line":70,"column":67}},"25":{"start":{"line":70,"column":17},"end":{"line":70,"column":67}},"26":{"start":{"line":72,"column":6},"end":{"line":72,"column":18}},"27":{"start":{"line":74,"column":6},"end":{"line":74,"column":62}},"28":{"start":{"line":75,"column":6},"end":{"line":75,"column":52}},"29":{"start":{"line":86,"column":4},"end":{"line":102,"column":5}},"30":{"start":{"line":87,"column":30},"end":{"line":93,"column":17}},"31":{"start":{"line":95,"column":6},"end":{"line":95,"column":29}},"32":{"start":{"line":95,"column":17},"end":{"line":95,"column":29}},"33":{"start":{"line":96,"column":6},"end":{"line":96,"column":73}},"34":{"start":{"line":96,"column":17},"end":{"line":96,"column":73}},"35":{"start":{"line":98,"column":6},"end":{"line":98,"column":18}},"36":{"start":{"line":100,"column":6},"end":{"line":100,"column":72}},"37":{"start":{"line":101,"column":6},"end":{"line":101,"column":54}},"38":{"start":{"line":111,"column":4},"end":{"line":126,"column":5}},"39":{"start":{"line":112,"column":30},"end":{"line":117,"column":53}},"40":{"start":{"line":119,"column":6},"end":{"line":119,"column":29}},"41":{"start":{"line":119,"column":17},"end":{"line":119,"column":29}},"42":{"start":{"line":120,"column":6},"end":{"line":120,"column":67}},"43":{"start":{"line":120,"column":17},"end":{"line":120,"column":67}},"44":{"start":{"line":122,"column":6},"end":{"line":122,"column":18}},"45":{"start":{"line":124,"column":6},"end":{"line":124,"column":80}},"46":{"start":{"line":125,"column":6},"end":{"line":125,"column":52}},"47":{"start":{"line":136,"column":4},"end":{"line":152,"column":5}},"48":{"start":{"line":137,"column":30},"end":{"line":143,"column":53}},"49":{"start":{"line":145,"column":6},"end":{"line":145,"column":29}},"50":{"start":{"line":145,"column":17},"end":{"line":145,"column":29}},"51":{"start":{"line":146,"column":6},"end":{"line":146,"column":67}},"52":{"start":{"line":146,"column":17},"end":{"line":146,"column":67}},"53":{"start":{"line":148,"column":6},"end":{"line":148,"column":18}},"54":{"start":{"line":150,"column":6},"end":{"line":150,"column":94}},"55":{"start":{"line":151,"column":6},"end":{"line":151,"column":52}},"56":{"start":{"line":161,"column":4},"end":{"line":173,"column":5}},"57":{"start":{"line":162,"column":24},"end":{"line":166,"column":21}},"58":{"start":{"line":168,"column":6},"end":{"line":168,"column":29}},"59":{"start":{"line":168,"column":17},"end":{"line":168,"column":29}},"60":{"start":{"line":169,"column":6},"end":{"line":169,"column":18}},"61":{"start":{"line":171,"column":6},"end":{"line":171,"column":72}},"62":{"start":{"line":172,"column":6},"end":{"line":172,"column":54}},"63":{"start":{"line":177,"column":0},"end":{"line":177,"column":29}}},"fnMap":{"0":{"name":"(anonymous_0)","decl":{"start":{"line":9,"column":2},"end":{"line":9,"column":3}},"loc":{"start":{"line":9,"column":39},"end":{"line":31,"column":3}},"line":9},"1":{"name":"(anonymous_1)","decl":{"start":{"line":38,"column":2},"end":{"line":38,"column":3}},"loc":{"start":{"line":38,"column":27},"end":{"line":55,"column":3}},"line":38},"2":{"name":"(anonymous_2)","decl":{"start":{"line":61,"column":2},"end":{"line":61,"column":3}},"loc":{"start":{"line":61,"column":24},"end":{"line":77,"column":3}},"line":61},"3":{"name":"(anonymous_3)","decl":{"start":{"line":85,"column":2},"end":{"line":85,"column":3}},"loc":{"start":{"line":85,"column":38},"end":{"line":103,"column":3}},"line":85},"4":{"name":"(anonymous_4)","decl":{"start":{"line":110,"column":2},"end":{"line":110,"column":3}},"loc":{"start":{"line":110,"column":35},"end":{"line":127,"column":3}},"line":110},"5":{"name":"(anonymous_5)","decl":{"start":{"line":135,"column":2},"end":{"line":135,"column":3}},"loc":{"start":{"line":135,"column":50},"end":{"line":153,"column":3}},"line":135},"6":{"name":"(anonymous_6)","decl":{"start":{"line":160,"column":2},"end":{"line":160,"column":3}},"loc":{"start":{"line":160,"column":26},"end":{"line":174,"column":3}},"line":160}},"branchMap":{"0":{"loc":{"start":{"line":14,"column":16},"end":{"line":14,"column":51}},"type":"binary-expr","locations":[{"start":{"line":14,"column":16},"end":{"line":14,"column":38}},{"start":{"line":14,"column":42},"end":{"line":14,"column":51}}],"line":14},"1":{"loc":{"start":{"line":23,"column":6},"end":{"line":23,"column":29}},"type":"if","locations":[{"start":{"line":23,"column":6},"end":{"line":23,"column":29}},{"start":{},"end":{}}],"line":23},"2":{"loc":{"start":{"line":24,"column":6},"end":{"line":24,"column":88}},"type":"if","locations":[{"start":{"line":24,"column":6},"end":{"line":24,"column":88}},{"start":{},"end":{}}],"line":24},"3":{"loc":{"start":{"line":24,"column":10},"end":{"line":24,"column":36}},"type":"binary-expr","locations":[{"start":{"line":24,"column":10},"end":{"line":24,"column":15}},{"start":{"line":24,"column":19},"end":{"line":24,"column":36}}],"line":24},"4":{"loc":{"start":{"line":47,"column":6},"end":{"line":47,"column":29}},"type":"if","locations":[{"start":{"line":47,"column":6},"end":{"line":47,"column":29}},{"start":{},"end":{}}],"line":47},"5":{"loc":{"start":{"line":48,"column":6},"end":{"line":48,"column":58}},"type":"if","locations":[{"start":{"line":48,"column":6},"end":{"line":48,"column":58}},{"start":{},"end":{}}],"line":48},"6":{"loc":{"start":{"line":69,"column":6},"end":{"line":69,"column":29}},"type":"if","locations":[{"start":{"line":69,"column":6},"end":{"line":69,"column":29}},{"start":{},"end":{}}],"line":69},"7":{"loc":{"start":{"line":70,"column":6},"end":{"line":70,"column":67}},"type":"if","locations":[{"start":{"line":70,"column":6},"end":{"line":70,"column":67}},{"start":{},"end":{}}],"line":70},"8":{"loc":{"start":{"line":95,"column":6},"end":{"line":95,"column":29}},"type":"if","locations":[{"start":{"line":95,"column":6},"end":{"line":95,"column":29}},{"start":{},"end":{}}],"line":95},"9":{"loc":{"start":{"line":96,"column":6},"end":{"line":96,"column":73}},"type":"if","locations":[{"start":{"line":96,"column":6},"end":{"line":96,"column":73}},{"start":{},"end":{}}],"line":96},"10":{"loc":{"start":{"line":119,"column":6},"end":{"line":119,"column":29}},"type":"if","locations":[{"start":{"line":119,"column":6},"end":{"line":119,"column":29}},{"start":{},"end":{}}],"line":119},"11":{"loc":{"start":{"line":120,"column":6},"end":{"line":120,"column":67}},"type":"if","locations":[{"start":{"line":120,"column":6},"end":{"line":120,"column":67}},{"start":{},"end":{}}],"line":120},"12":{"loc":{"start":{"line":145,"column":6},"end":{"line":145,"column":29}},"type":"if","locations":[{"start":{"line":145,"column":6},"end":{"line":145,"column":29}},{"start":{},"end":{}}],"line":145},"13":{"loc":{"start":{"line":146,"column":6},"end":{"line":146,"column":67}},"type":"if","locations":[{"start":{"line":146,"column":6},"end":{"line":146,"column":67}},{"start":{},"end":{}}],"line":146},"14":{"loc":{"start":{"line":168,"column":6},"end":{"line":168,"column":29}},"type":"if","locations":[{"start":{"line":168,"column":6},"end":{"line":168,"column":29}},{"start":{},"end":{}}],"line":168}},"s":{"0":3,"1":2,"2":2,"3":2,"4":2,"5":0,"6":2,"7":2,"8":0,"9":2,"10":2,"11":2,"12":2,"13":2,"14":0,"15":2,"16":2,"17":0,"18":2,"19":2,"20":2,"21":2,"22":2,"23":0,"24":2,"25":2,"26":0,"27":2,"28":2,"29":2,"30":2,"31":2,"32":0,"33":2,"34":2,"35":0,"36":2,"37":2,"38":2,"39":2,"40":2,"41":0,"42":2,"43":2,"44":0,"45":2,"46":2,"47":1,"48":1,"49":1,"50":0,"51":1,"52":1,"53":0,"54":1,"55":1,"56":2,"57":2,"58":2,"59":0,"60":2,"61":0,"62":0,"63":3},"f":{"0":2,"1":2,"2":2,"3":2,"4":2,"5":1,"6":2},"b":{"0":[2,2],"1":[0,2],"2":[2,0],"3":[2,0],"4":[0,2],"5":[2,0],"6":[0,2],"7":[2,0],"8":[0,2],"9":[2,0],"10":[0,2],"11":[2,0],"12":[0,1],"13":[1,0],"14":[0,2]},"_coverageSchema":"1a1c01bbd47fc00a2c39e90264f33305004495a9","hash":"6b0b2c4f8718fa7169ec59974720905c172ea7cb"}
,"/Users/denniskiplangat/Documents/law-firm-website/ogettootachi-supabase-backend/src/models/contact.model.js": {"path":"/Users/denniskiplangat/Documents/law-firm-website/ogettootachi-supabase-backend/src/models/contact.model.js","statementMap":{"0":{"start":{"line":1,"column":17},"end":{"line":1,"column":45}},"1":{"start":{"line":5,"column":4},"end":{"line":17,"column":5}},"2":{"start":{"line":6,"column":30},"end":{"line":10,"column":17}},"3":{"start":{"line":12,"column":6},"end":{"line":12,"column":29}},"4":{"start":{"line":12,"column":17},"end":{"line":12,"column":29}},"5":{"start":{"line":13,"column":6},"end":{"line":13,"column":21}},"6":{"start":{"line":15,"column":6},"end":{"line":15,"column":54}},"7":{"start":{"line":16,"column":6},"end":{"line":16,"column":50}},"8":{"start":{"line":21,"column":4},"end":{"line":34,"column":5}},"9":{"start":{"line":22,"column":30},"end":{"line":27,"column":17}},"10":{"start":{"line":29,"column":6},"end":{"line":29,"column":29}},"11":{"start":{"line":29,"column":17},"end":{"line":29,"column":29}},"12":{"start":{"line":30,"column":6},"end":{"line":30,"column":18}},"13":{"start":{"line":32,"column":6},"end":{"line":32,"column":67}},"14":{"start":{"line":33,"column":6},"end":{"line":33,"column":47}},"15":{"start":{"line":38,"column":4},"end":{"line":49,"column":5}},"16":{"start":{"line":39,"column":30},"end":{"line":42,"column":20}},"17":{"start":{"line":44,"column":6},"end":{"line":44,"column":29}},"18":{"start":{"line":44,"column":17},"end":{"line":44,"column":29}},"19":{"start":{"line":45,"column":6},"end":{"line":45,"column":18}},"20":{"start":{"line":47,"column":6},"end":{"line":47,"column":58}},"21":{"start":{"line":48,"column":6},"end":{"line":48,"column":48}},"22":{"start":{"line":53,"column":0},"end":{"line":53,"column":25}}},"fnMap":{"0":{"name":"(anonymous_0)","decl":{"start":{"line":4,"column":2},"end":{"line":4,"column":3}},"loc":{"start":{"line":4,"column":35},"end":{"line":18,"column":3}},"line":4},"1":{"name":"(anonymous_1)","decl":{"start":{"line":20,"column":2},"end":{"line":20,"column":3}},"loc":{"start":{"line":20,"column":27},"end":{"line":35,"column":3}},"line":20},"2":{"name":"(anonymous_2)","decl":{"start":{"line":37,"column":2},"end":{"line":37,"column":3}},"loc":{"start":{"line":37,"column":24},"end":{"line":50,"column":3}},"line":37}},"branchMap":{"0":{"loc":{"start":{"line":12,"column":6},"end":{"line":12,"column":29}},"type":"if","locations":[{"start":{"line":12,"column":6},"end":{"line":12,"column":29}},{"start":{},"end":{}}],"line":12},"1":{"loc":{"start":{"line":29,"column":6},"end":{"line":29,"column":29}},"type":"if","locations":[{"start":{"line":29,"column":6},"end":{"line":29,"column":29}},{"start":{},"end":{}}],"line":29},"2":{"loc":{"start":{"line":44,"column":6},"end":{"line":44,"column":29}},"type":"if","locations":[{"start":{"line":44,"column":6},"end":{"line":44,"column":29}},{"start":{},"end":{}}],"line":44}},"s":{"0":1,"1":2,"2":2,"3":2,"4":1,"5":1,"6":1,"7":1,"8":2,"9":2,"10":1,"11":0,"12":1,"13":1,"14":1,"15":3,"16":3,"17":2,"18":1,"19":1,"20":2,"21":2,"22":1},"f":{"0":2,"1":2,"2":3},"b":{"0":[1,1],"1":[0,1],"2":[1,1]},"_coverageSchema":"1a1c01bbd47fc00a2c39e90264f33305004495a9","hash":"da04ab263676c65fc08781cfbd32f6d4d4d98fc4"}
,"/Users/denniskiplangat/Documents/law-firm-website/ogettootachi-supabase-backend/src/services/appointment.service.js": {"path":"/Users/denniskiplangat/Documents/law-firm-website/ogettootachi-supabase-backend/src/services/appointment.service.js","statementMap":{"0":{"start":{"line":1,"column":20},"end":{"line":1,"column":58}},"1":{"start":{"line":11,"column":4},"end":{"line":11,"column":50}},"2":{"start":{"line":14,"column":25},"end":{"line":17,"column":5}},"3":{"start":{"line":19,"column":4},"end":{"line":19,"column":50}},"4":{"start":{"line":28,"column":4},"end":{"line":30,"column":5}},"5":{"start":{"line":29,"column":6},"end":{"line":29,"column":59}},"6":{"start":{"line":32,"column":4},"end":{"line":34,"column":5}},"7":{"start":{"line":33,"column":6},"end":{"line":33,"column":82}},"8":{"start":{"line":36,"column":4},"end":{"line":36,"column":38}},"9":{"start":{"line":45,"column":4},"end":{"line":47,"column":5}},"10":{"start":{"line":46,"column":6},"end":{"line":46,"column":52}},"11":{"start":{"line":49,"column":4},"end":{"line":49,"column":41}},"12":{"start":{"line":59,"column":4},"end":{"line":61,"column":5}},"13":{"start":{"line":60,"column":6},"end":{"line":60,"column":52}},"14":{"start":{"line":63,"column":4},"end":{"line":65,"column":5}},"15":{"start":{"line":64,"column":6},"end":{"line":64,"column":52}},"16":{"start":{"line":67,"column":4},"end":{"line":67,"column":52}},"17":{"start":{"line":77,"column":4},"end":{"line":79,"column":5}},"18":{"start":{"line":78,"column":6},"end":{"line":78,"column":52}},"19":{"start":{"line":82,"column":53},"end":{"line":82,"column":63}},"20":{"start":{"line":84,"column":4},"end":{"line":84,"column":56}},"21":{"start":{"line":93,"column":4},"end":{"line":95,"column":5}},"22":{"start":{"line":94,"column":6},"end":{"line":94,"column":52}},"23":{"start":{"line":97,"column":4},"end":{"line":97,"column":40}},"24":{"start":{"line":106,"column":27},"end":{"line":112,"column":5}},"25":{"start":{"line":114,"column":26},"end":{"line":114,"column":70}},"26":{"start":{"line":114,"column":57},"end":{"line":114,"column":69}},"27":{"start":{"line":116,"column":4},"end":{"line":118,"column":5}},"28":{"start":{"line":117,"column":6},"end":{"line":117,"column":78}},"29":{"start":{"line":121,"column":23},"end":{"line":121,"column":51}},"30":{"start":{"line":122,"column":4},"end":{"line":124,"column":5}},"31":{"start":{"line":123,"column":6},"end":{"line":123,"column":46}},"32":{"start":{"line":127,"column":22},"end":{"line":127,"column":43}},"33":{"start":{"line":128,"column":4},"end":{"line":130,"column":5}},"34":{"start":{"line":129,"column":6},"end":{"line":129,"column":61}},"35":{"start":{"line":133,"column":22},"end":{"line":133,"column":66}},"36":{"start":{"line":134,"column":4},"end":{"line":136,"column":5}},"37":{"start":{"line":135,"column":6},"end":{"line":135,"column":68}},"38":{"start":{"line":140,"column":0},"end":{"line":140,"column":36}}},"fnMap":{"0":{"name":"(anonymous_0)","decl":{"start":{"line":9,"column":2},"end":{"line":9,"column":3}},"loc":{"start":{"line":9,"column":50},"end":{"line":20,"column":3}},"line":9},"1":{"name":"(anonymous_1)","decl":{"start":{"line":27,"column":2},"end":{"line":27,"column":3}},"loc":{"start":{"line":27,"column":48},"end":{"line":37,"column":3}},"line":27},"2":{"name":"(anonymous_2)","decl":{"start":{"line":44,"column":2},"end":{"line":44,"column":3}},"loc":{"start":{"line":44,"column":38},"end":{"line":50,"column":3}},"line":44},"3":{"name":"(anonymous_3)","decl":{"start":{"line":58,"column":2},"end":{"line":58,"column":3}},"loc":{"start":{"line":58,"column":51},"end":{"line":68,"column":3}},"line":58},"4":{"name":"(anonymous_4)","decl":{"start":{"line":76,"column":2},"end":{"line":76,"column":3}},"loc":{"start":{"line":76,"column":49},"end":{"line":85,"column":3}},"line":76},"5":{"name":"(anonymous_5)","decl":{"start":{"line":92,"column":2},"end":{"line":92,"column":3}},"loc":{"start":{"line":92,"column":37},"end":{"line":98,"column":3}},"line":92},"6":{"name":"(anonymous_6)","decl":{"start":{"line":105,"column":2},"end":{"line":105,"column":3}},"loc":{"start":{"line":105,"column":39},"end":{"line":137,"column":3}},"line":105},"7":{"name":"(anonymous_7)","decl":{"start":{"line":114,"column":48},"end":{"line":114,"column":49}},"loc":{"start":{"line":114,"column":57},"end":{"line":114,"column":69}},"line":114}},"branchMap":{"0":{"loc":{"start":{"line":27,"column":34},"end":{"line":27,"column":46}},"type":"default-arg","locations":[{"start":{"line":27,"column":44},"end":{"line":27,"column":46}}],"line":27},"1":{"loc":{"start":{"line":28,"column":4},"end":{"line":30,"column":5}},"type":"if","locations":[{"start":{"line":28,"column":4},"end":{"line":30,"column":5}},{"start":{},"end":{}}],"line":28},"2":{"loc":{"start":{"line":32,"column":4},"end":{"line":34,"column":5}},"type":"if","locations":[{"start":{"line":32,"column":4},"end":{"line":34,"column":5}},{"start":{},"end":{}}],"line":32},"3":{"loc":{"start":{"line":32,"column":8},"end":{"line":32,"column":44}},"type":"binary-expr","locations":[{"start":{"line":32,"column":8},"end":{"line":32,"column":25}},{"start":{"line":32,"column":29},"end":{"line":32,"column":44}}],"line":32},"4":{"loc":{"start":{"line":45,"column":4},"end":{"line":47,"column":5}},"type":"if","locations":[{"start":{"line":45,"column":4},"end":{"line":47,"column":5}},{"start":{},"end":{}}],"line":45},"5":{"loc":{"start":{"line":59,"column":4},"end":{"line":61,"column":5}},"type":"if","locations":[{"start":{"line":59,"column":4},"end":{"line":61,"column":5}},{"start":{},"end":{}}],"line":59},"6":{"loc":{"start":{"line":63,"column":4},"end":{"line":65,"column":5}},"type":"if","locations":[{"start":{"line":63,"column":4},"end":{"line":65,"column":5}},{"start":{},"end":{}}],"line":63},"7":{"loc":{"start":{"line":77,"column":4},"end":{"line":79,"column":5}},"type":"if","locations":[{"start":{"line":77,"column":4},"end":{"line":79,"column":5}},{"start":{},"end":{}}],"line":77},"8":{"loc":{"start":{"line":93,"column":4},"end":{"line":95,"column":5}},"type":"if","locations":[{"start":{"line":93,"column":4},"end":{"line":95,"column":5}},{"start":{},"end":{}}],"line":93},"9":{"loc":{"start":{"line":116,"column":4},"end":{"line":118,"column":5}},"type":"if","locations":[{"start":{"line":116,"column":4},"end":{"line":118,"column":5}},{"start":{},"end":{}}],"line":116},"10":{"loc":{"start":{"line":122,"column":4},"end":{"line":124,"column":5}},"type":"if","locations":[{"start":{"line":122,"column":4},"end":{"line":124,"column":5}},{"start":{},"end":{}}],"line":122},"11":{"loc":{"start":{"line":128,"column":4},"end":{"line":130,"column":5}},"type":"if","locations":[{"start":{"line":128,"column":4},"end":{"line":130,"column":5}},{"start":{},"end":{}}],"line":128},"12":{"loc":{"start":{"line":134,"column":4},"end":{"line":136,"column":5}},"type":"if","locations":[{"start":{"line":134,"column":4},"end":{"line":136,"column":5}},{"start":{},"end":{}}],"line":134}},"s":{"0":2,"1":5,"2":1,"3":1,"4":3,"5":1,"6":2,"7":1,"8":1,"9":2,"10":1,"11":1,"12":3,"13":1,"14":2,"15":1,"16":1,"17":3,"18":1,"19":2,"20":2,"21":2,"22":1,"23":1,"24":5,"25":5,"26":25,"27":5,"28":1,"29":4,"30":4,"31":1,"32":3,"33":3,"34":1,"35":2,"36":2,"37":1,"38":2},"f":{"0":5,"1":3,"2":2,"3":3,"4":3,"5":2,"6":5,"7":25},"b":{"0":[1],"1":[1,2],"2":[1,1],"3":[2,1],"4":[1,1],"5":[1,2],"6":[1,1],"7":[1,2],"8":[1,1],"9":[1,4],"10":[1,3],"11":[1,2],"12":[1,1]},"_coverageSchema":"1a1c01bbd47fc00a2c39e90264f33305004495a9","hash":"08d9bd8047f33d9c06e68c4d526417077a1ef076"}
,"/Users/denniskiplangat/Documents/law-firm-website/ogettootachi-supabase-backend/src/utils/supabase.js": {"path":"/Users/denniskiplangat/Documents/law-firm-website/ogettootachi-supabase-backend/src/utils/supabase.js","statementMap":{"0":{"start":{"line":1,"column":25},"end":{"line":1,"column":57}},"1":{"start":{"line":2,"column":15},"end":{"line":2,"column":42}},"2":{"start":{"line":6,"column":4},"end":{"line":32,"column":5}},"3":{"start":{"line":7,"column":47},"end":{"line":7,"column":62}},"4":{"start":{"line":9,"column":6},"end":{"line":11,"column":7}},"5":{"start":{"line":10,"column":8},"end":{"line":10,"column":66}},"6":{"start":{"line":13,"column":6},"end":{"line":19,"column":9}},"7":{"start":{"line":22,"column":6},"end":{"line":29,"column":7}},"8":{"start":{"line":23,"column":8},"end":{"line":28,"column":11}},"9":{"start":{"line":31,"column":6},"end":{"line":31,"column":37}},"10":{"start":{"line":34,"column":4},"end":{"line":34,"column":35}},"11":{"start":{"line":38,"column":4},"end":{"line":38,"column":23}},"12":{"start":{"line":42,"column":4},"end":{"line":44,"column":5}},"13":{"start":{"line":43,"column":6},"end":{"line":43,"column":75}},"14":{"start":{"line":45,"column":4},"end":{"line":45,"column":28}},"15":{"start":{"line":49,"column":0},"end":{"line":49,"column":38}}},"fnMap":{"0":{"name":"(anonymous_0)","decl":{"start":{"line":5,"column":2},"end":{"line":5,"column":3}},"loc":{"start":{"line":5,"column":16},"end":{"line":35,"column":3}},"line":5},"1":{"name":"(anonymous_1)","decl":{"start":{"line":37,"column":2},"end":{"line":37,"column":3}},"loc":{"start":{"line":37,"column":14},"end":{"line":39,"column":3}},"line":37},"2":{"name":"(anonymous_2)","decl":{"start":{"line":41,"column":2},"end":{"line":41,"column":3}},"loc":{"start":{"line":41,"column":19},"end":{"line":46,"column":3}},"line":41}},"branchMap":{"0":{"loc":{"start":{"line":6,"column":4},"end":{"line":32,"column":5}},"type":"if","locations":[{"start":{"line":6,"column":4},"end":{"line":32,"column":5}},{"start":{},"end":{}}],"line":6},"1":{"loc":{"start":{"line":9,"column":6},"end":{"line":11,"column":7}},"type":"if","locations":[{"start":{"line":9,"column":6},"end":{"line":11,"column":7}},{"start":{},"end":{}}],"line":9},"2":{"loc":{"start":{"line":9,"column":10},"end":{"line":9,"column":26}},"type":"binary-expr","locations":[{"start":{"line":9,"column":10},"end":{"line":9,"column":14}},{"start":{"line":9,"column":18},"end":{"line":9,"column":26}}],"line":9},"3":{"loc":{"start":{"line":22,"column":6},"end":{"line":29,"column":7}},"type":"if","locations":[{"start":{"line":22,"column":6},"end":{"line":29,"column":7}},{"start":{},"end":{}}],"line":22},"4":{"loc":{"start":{"line":42,"column":4},"end":{"line":44,"column":5}},"type":"if","locations":[{"start":{"line":42,"column":4},"end":{"line":44,"column":5}},{"start":{},"end":{}}],"line":42}},"s":{"0":5,"1":5,"2":5,"3":5,"4":5,"5":1,"6":4,"7":4,"8":4,"9":4,"10":4,"11":1,"12":1,"13":0,"14":1,"15":5},"f":{"0":5,"1":1,"2":1},"b":{"0":[5,0],"1":[1,4],"2":[5,4],"3":[4,0],"4":[0,1]},"_coverageSchema":"1a1c01bbd47fc00a2c39e90264f33305004495a9","hash":"9430e8dfa0f3759ef74df436e3a5fd4cec7dae41"}
}
