TN:
SF:src/api/appointment.controller.js
FN:8,(anonymous_0)
FN:32,(anonymous_1)
FN:62,(anonymous_2)
FN:92,(anonymous_3)
FN:127,(anonymous_4)
FN:155,(anonymous_5)
FNF:6
FNH:5
FNDA:2,(anonymous_0)
FNDA:3,(anonymous_1)
FNDA:2,(anonymous_2)
FNDA:2,(anonymous_3)
FNDA:0,(anonymous_4)
FNDA:1,(anonymous_5)
DA:1,1
DA:8,1
DA:9,2
DA:10,2
DA:11,2
DA:13,1
DA:18,1
DA:20,1
DA:32,1
DA:33,3
DA:34,3
DA:40,3
DA:42,2
DA:48,1
DA:50,1
DA:62,1
DA:63,2
DA:64,2
DA:66,2
DA:67,1
DA:73,1
DA:78,0
DA:80,0
DA:92,1
DA:93,2
DA:94,2
DA:96,2
DA:97,1
DA:103,1
DA:108,1
DA:113,0
DA:115,0
DA:127,1
DA:128,0
DA:129,0
DA:131,0
DA:136,0
DA:141,0
DA:143,0
DA:155,1
DA:156,1
DA:157,1
DA:159,1
DA:165,0
DA:167,0
LF:45
LH:33
BRDA:22,0,0,1
BRDA:22,0,1,0
BRDA:66,1,0,1
BRDA:66,1,1,1
BRDA:96,2,0,1
BRDA:96,2,1,1
BRDA:117,3,0,0
BRDA:117,3,1,0
BRDA:145,4,0,0
BRDA:145,4,1,0
BRF:10
BRH:5
end_of_record
TN:
SF:src/api/appointment.routes.js
FNF:0
FNH:0
DA:1,0
DA:2,0
DA:3,0
DA:4,0
DA:7,0
DA:10,0
DA:11,0
DA:12,0
DA:13,0
DA:14,0
DA:16,0
LF:11
LH:0
BRF:0
BRH:0
end_of_record
TN:
SF:src/config/config.js
FN:52,(anonymous_0)
FNF:1
FNH:1
FNDA:12,(anonymous_0)
DA:1,4
DA:3,4
DA:5,4
DA:21,4
DA:46,4
DA:52,4
DA:53,12
DA:54,0
DA:58,4
LF:9
LH:8
BRDA:3,0,0,4
BRDA:3,0,1,0
BRDA:9,1,0,4
BRDA:9,1,1,0
BRDA:11,2,0,4
BRDA:11,2,1,0
BRDA:14,3,0,4
BRDA:14,3,1,0
BRDA:17,4,0,4
BRDA:17,4,1,0
BRDA:31,5,0,4
BRDA:31,5,1,4
BRDA:32,6,0,4
BRDA:32,6,1,4
BRDA:33,7,0,4
BRDA:33,7,1,4
BRDA:53,8,0,0
BRDA:53,8,1,12
BRDA:53,9,0,12
BRDA:53,9,1,0
BRF:20
BRH:13
end_of_record
TN:
SF:src/models/appointment.model.js
FN:9,(anonymous_0)
FN:38,(anonymous_1)
FN:61,(anonymous_2)
FN:85,(anonymous_3)
FN:110,(anonymous_4)
FN:135,(anonymous_5)
FN:160,(anonymous_6)
FNF:7
FNH:7
FNDA:2,(anonymous_0)
FNDA:2,(anonymous_1)
FNDA:2,(anonymous_2)
FNDA:2,(anonymous_3)
FNDA:2,(anonymous_4)
FNDA:1,(anonymous_5)
FNDA:2,(anonymous_6)
DA:1,3
DA:10,2
DA:12,2
DA:17,2
DA:23,2
DA:24,2
DA:26,0
DA:28,2
DA:29,2
DA:39,2
DA:40,2
DA:47,2
DA:48,2
DA:50,0
DA:52,2
DA:53,2
DA:62,2
DA:63,2
DA:69,2
DA:70,2
DA:72,0
DA:74,2
DA:75,2
DA:86,2
DA:87,2
DA:95,2
DA:96,2
DA:98,0
DA:100,2
DA:101,2
DA:111,2
DA:112,2
DA:119,2
DA:120,2
DA:122,0
DA:124,2
DA:125,2
DA:136,1
DA:137,1
DA:145,1
DA:146,1
DA:148,0
DA:150,1
DA:151,1
DA:161,2
DA:162,2
DA:168,2
DA:169,2
DA:171,0
DA:172,0
DA:177,3
LF:51
LH:43
BRDA:14,0,0,2
BRDA:14,0,1,2
BRDA:23,1,0,0
BRDA:23,1,1,2
BRDA:24,2,0,2
BRDA:24,2,1,0
BRDA:24,3,0,2
BRDA:24,3,1,0
BRDA:47,4,0,0
BRDA:47,4,1,2
BRDA:48,5,0,2
BRDA:48,5,1,0
BRDA:69,6,0,0
BRDA:69,6,1,2
BRDA:70,7,0,2
BRDA:70,7,1,0
BRDA:95,8,0,0
BRDA:95,8,1,2
BRDA:96,9,0,2
BRDA:96,9,1,0
BRDA:119,10,0,0
BRDA:119,10,1,2
BRDA:120,11,0,2
BRDA:120,11,1,0
BRDA:145,12,0,0
BRDA:145,12,1,1
BRDA:146,13,0,1
BRDA:146,13,1,0
BRDA:168,14,0,0
BRDA:168,14,1,2
BRF:30
BRH:16
end_of_record
TN:
SF:src/models/contact.model.js
FN:4,(anonymous_0)
FN:20,(anonymous_1)
FN:37,(anonymous_2)
FNF:3
FNH:3
FNDA:2,(anonymous_0)
FNDA:2,(anonymous_1)
FNDA:3,(anonymous_2)
DA:1,1
DA:5,2
DA:6,2
DA:12,2
DA:13,1
DA:15,1
DA:16,1
DA:21,2
DA:22,2
DA:29,1
DA:30,1
DA:32,1
DA:33,1
DA:38,3
DA:39,3
DA:44,2
DA:45,1
DA:47,2
DA:48,2
DA:53,1
LF:20
LH:20
BRDA:12,0,0,1
BRDA:12,0,1,1
BRDA:29,1,0,0
BRDA:29,1,1,1
BRDA:44,2,0,1
BRDA:44,2,1,1
BRF:6
BRH:5
end_of_record
TN:
SF:src/services/appointment.service.js
FN:9,(anonymous_0)
FN:27,(anonymous_1)
FN:44,(anonymous_2)
FN:58,(anonymous_3)
FN:76,(anonymous_4)
FN:92,(anonymous_5)
FN:105,(anonymous_6)
FN:114,(anonymous_7)
FNF:8
FNH:8
FNDA:5,(anonymous_0)
FNDA:3,(anonymous_1)
FNDA:2,(anonymous_2)
FNDA:3,(anonymous_3)
FNDA:3,(anonymous_4)
FNDA:2,(anonymous_5)
FNDA:5,(anonymous_6)
FNDA:25,(anonymous_7)
DA:1,2
DA:11,5
DA:14,1
DA:19,1
DA:28,3
DA:29,1
DA:32,2
DA:33,1
DA:36,1
DA:45,2
DA:46,1
DA:49,1
DA:59,3
DA:60,1
DA:63,2
DA:64,1
DA:67,1
DA:77,3
DA:78,1
DA:82,2
DA:84,2
DA:93,2
DA:94,1
DA:97,1
DA:106,5
DA:114,25
DA:116,5
DA:117,1
DA:121,4
DA:122,4
DA:123,1
DA:127,3
DA:128,3
DA:129,1
DA:133,2
DA:134,2
DA:135,1
DA:140,2
LF:38
LH:38
BRDA:27,0,0,1
BRDA:28,1,0,1
BRDA:28,1,1,2
BRDA:32,2,0,1
BRDA:32,2,1,1
BRDA:32,3,0,2
BRDA:32,3,1,1
BRDA:45,4,0,1
BRDA:45,4,1,1
BRDA:59,5,0,1
BRDA:59,5,1,2
BRDA:63,6,0,1
BRDA:63,6,1,1
BRDA:77,7,0,1
BRDA:77,7,1,2
BRDA:93,8,0,1
BRDA:93,8,1,1
BRDA:116,9,0,1
BRDA:116,9,1,4
BRDA:122,10,0,1
BRDA:122,10,1,3
BRDA:128,11,0,1
BRDA:128,11,1,2
BRDA:134,12,0,1
BRDA:134,12,1,1
BRF:25
BRH:25
end_of_record
TN:
SF:src/utils/supabase.js
FN:5,(anonymous_0)
FN:37,(anonymous_1)
FN:41,(anonymous_2)
FNF:3
FNH:3
FNDA:5,(anonymous_0)
FNDA:1,(anonymous_1)
FNDA:1,(anonymous_2)
DA:1,5
DA:2,5
DA:6,5
DA:7,5
DA:9,5
DA:10,1
DA:13,4
DA:22,4
DA:23,4
DA:31,4
DA:34,4
DA:38,1
DA:42,1
DA:43,0
DA:45,1
DA:49,5
LF:16
LH:15
BRDA:6,0,0,5
BRDA:6,0,1,0
BRDA:9,1,0,1
BRDA:9,1,1,4
BRDA:9,2,0,5
BRDA:9,2,1,4
BRDA:22,3,0,4
BRDA:22,3,1,0
BRDA:42,4,0,0
BRDA:42,4,1,1
BRF:10
BRH:7
end_of_record
